Removed Pin From Net: NetName=VGND Pin=P3-2
Removed Pin From Net: NetName=D\T\R\ Pin=P3-3
Removed Pin From Net: NetName=5V Pin=P3-4
Removed Pin From Net: NetName=ADC3 Pin=P3-5
Removed Pin From Net: NetName=ADC2 Pin=P3-6
Removed Pin From Net: NetName=ADC1 Pin=P3-7
Removed Pin From Net: NetName=ADC0 Pin=P3-8
Removed Pin From Net: NetName=IO12 Pin=P3-10
Removed Pin From Net: NetName=CS Pin=P3-11
Removed Pin From Net: NetName=DC Pin=P3-12
Removed Pin From Net: NetName=TX Pin=P6-1
Removed Pin From Net: NetName=RX Pin=P6-2
Removed Pin From Net: NetName=D\T\R\ Pin=P6-3
Removed Pin From Net: NetName=VGND Pin=P6-4
Removed Pin From Net: NetName=IO2 Pin=P6-5
Removed Pin From Net: NetName=IO3 Pin=P6-6
Removed Pin From Net: NetName=IO4 Pin=P6-7
Removed Pin From Net: NetName=BT_Tx Pin=P6-8
Removed Pin From Net: NetName=BT_Rx Pin=P6-9
Removed Pin From Net: NetName=IO7 Pin=P6-10
Removed Pin From Net: NetName=D1 Pin=P6-11
Removed Pin From Net: NetName=D0 Pin=P6-12
Removed Pin From Net: NetName=SCK Pin=R2-1
Removed Member From Class: ClassName=Sheet1 Member=P3
Removed Member From Class: ClassName=Sheet1 Member=P6
Removed Member From Class: ClassName=Sheet1 Member=R2
Added Component: Designator=P?(HDR1X5)
Add component. Clean all parameters for all variants
Add component (AddParameter): Name = "LatestRevisionDate"; Value = "17-Jul-2002"; VariantName = "[No Variations]"
Add component (AddParameter): Name = "LatestRevisionNote"; Value = "Re-released for DXP Platform."; VariantName = "[No Variations]"
Add component (AddParameter): Name = "Publisher"; Value = "Altium Limited"; VariantName = "[No Variations]"
Added Pin To Net: NetName=D\T\R\ Pin=P?-1
Added Pin To Net: NetName=TX Pin=P?-2
Added Pin To Net: NetName=RX Pin=P?-3
Added Pin To Net: NetName=5V Pin=P?-4
Added Pin To Net: NetName=VGND Pin=P?-5
Added Member To Class: ClassName=Sheet1 Member=Component P? Header 5
